<?xml version="1.0" encoding="UTF-8"?>
<!-- Generated by org.testng.reporters.JUnitReportReporter -->
<testsuite hostname="DHRUVIKA" failures="0" tests="10" name="com.admin.in.test.AdminHrTest" time="74.906" errors="0" timestamp="2025-05-12T12:57:42 IST" skipped="0">
  <testcase classname="com.admin.in.test.AdminHrTest" name="loginTest" time="21.086"/>
  <system-out/>
  <testcase classname="com.admin.in.test.AdminHrTest" name="dashboardTest" time="4.576"/>
  <system-out/>
  <testcase classname="com.admin.in.test.AdminHrTest" name="deleteDashboardTest" time="2.126"/>
  <system-out/>
  <testcase classname="com.admin.in.test.AdminHrTest" name="addEmployeeTest" time="13.781"/>
  <system-out/>
  <testcase classname="com.admin.in.test.AdminHrTest" name="searchEmployeeTest" time="2.405"/>
  <system-out/>
  <testcase classname="com.admin.in.test.AdminHrTest" name="payrollTest" time="5.183"/>
  <system-out/>
  <testcase classname="com.admin.in.test.AdminHrTest" name="massengerTest" time="5.168"/>
  <system-out/>
  <testcase classname="com.admin.in.test.AdminHrTest" name="taskTest" time="7.199"/>
  <system-out/>
  <testcase classname="com.admin.in.test.AdminHrTest" name="settingTest" time="6.200"/>
  <system-out/>
  <testcase classname="com.admin.in.test.AdminHrTest" name="leaveTest" time="7.182"/>
  <system-out/>
</testsuite> <!-- com.admin.in.test.AdminHrTest -->
