<?xml version="1.0" encoding="UTF-8"?>
<!-- Generated by org.testng.reporters.JUnitReportReporter -->
<testsuite hostname="DHRUVIKA" failures="0" tests="12" name="com.admin.in.test.AdminHrTest" time="124.068" errors="0" timestamp="2025-05-27T16:35:20 IST" skipped="0">
  <testcase classname="com.admin.in.test.AdminHrTest" name="loginTest" time="21.102"/>
  <system-out/>
  <testcase classname="com.admin.in.test.AdminHrTest" name="addEmployeeTest" time="14.055"/>
  <system-out/>
  <testcase classname="com.admin.in.test.AdminHrTest" name="searchEmployeeTest" time="2.512"/>
  <system-out/>
  <testcase classname="com.admin.in.test.AdminHrTest" name="addpayrollTest" time="17.219"/>
  <system-out/>
  <testcase classname="com.admin.in.test.AdminHrTest" name="addSalPayTest" time="7.309"/>
  <system-out/>
  <testcase classname="com.admin.in.test.AdminHrTest" name="holidayTest" time="3.086"/>
  <system-out/>
  <testcase classname="com.admin.in.test.AdminHrTest" name="deleteholidayTest" time="12.230"/>
  <system-out/>
  <testcase classname="com.admin.in.test.AdminHrTest" name="massengerTest" time="5.139"/>
  <system-out/>
  <testcase classname="com.admin.in.test.AdminHrTest" name="taskTest" time="10.939"/>
  <system-out/>
  <testcase classname="com.admin.in.test.AdminHrTest" name="settingTest" time="6.320"/>
  <system-out/>
  <testcase classname="com.admin.in.test.AdminHrTest" name="leaveTest" time="16.917"/>
  <system-out/>
  <testcase classname="com.admin.in.test.AdminHrTest" name="leaveSearchTest" time="7.240"/>
  <system-out/>
</testsuite> <!-- com.admin.in.test.AdminHrTest -->
